
*** Running vivado
    with args -log axi_pcie_0.vds -m64 -product Vivado -mode batch -messageDb vivado.pb -notrace -source axi_pcie_0.tcl


****** Vivado v2017.2 (64-bit)
  **** SW Build 1909853 on Thu Jun 15 18:39:10 MDT 2017
  **** IP Build 1909766 on Thu Jun 15 19:58:00 MDT 2017
    ** Copyright 1986-2017 Xilinx, Inc. All Rights Reserved.

source axi_pcie_0.tcl -notrace
Starting RTL Elaboration : Time (s): cpu = 00:00:04 ; elapsed = 00:00:05 . Memory (MB): peak = 1259.078 ; gain = 71.000 ; free physical = 13356 ; free virtual = 22406
INFO: [Synth 8-638] synthesizing module 'axi_pcie_0' [/home/user/ocpi/bsp_sidekiq_m2_cp_dev1_5_cv2_8/hdl/platforms/m2pcie/axi_pcie_wrapper/core/axi_pcie_0/synth/axi_pcie_0.v:60]
INFO: [Synth 8-638] synthesizing module 'axi_pcie' [/home/user/ocpi/bsp_sidekiq_m2_cp_dev1_5_cv2_8/hdl/platforms/m2pcie/axi_pcie_wrapper/core/axi_pcie_0/hdl/axi_pcie_v2_8_rfs.vhd:18858]
INFO: [Synth 8-638] synthesizing module 'axi_pcie_mm_s' [/home/user/ocpi/bsp_sidekiq_m2_cp_dev1_5_cv2_8/hdl/platforms/m2pcie/axi_pcie_wrapper/core/axi_pcie_0/hdl/axi_pcie_v2_8_rfs.vhd:17841]
INFO: [Synth 8-638] synthesizing module 'register_block' [/home/user/ocpi/bsp_sidekiq_m2_cp_dev1_5_cv2_8/hdl/platforms/m2pcie/axi_pcie_wrapper/core/axi_pcie_0/hdl/axi_pcie_v2_8_rfs.vhd:10500]
INFO: [Synth 8-256] done synthesizing module 'register_block' (1#1) [/home/user/ocpi/bsp_sidekiq_m2_cp_dev1_5_cv2_8/hdl/platforms/m2pcie/axi_pcie_wrapper/core/axi_pcie_0/hdl/axi_pcie_v2_8_rfs.vhd:10500]
INFO: [Synth 8-638] synthesizing module 'axi_mm_s_masterbridge' [/home/user/ocpi/bsp_sidekiq_m2_cp_dev1_5_cv2_8/hdl/platforms/m2pcie/axi_pcie_wrapper/core/axi_pcie_0/hdl/axi_pcie_v2_8_rfs.vhd:10136]
INFO: [Synth 8-638] synthesizing module 'axi_mm_s_masterbridge_wr' [/home/user/ocpi/bsp_sidekiq_m2_cp_dev1_5_cv2_8/hdl/platforms/m2pcie/axi_pcie_wrapper/core/axi_pcie_0/hdl/axi_pcie_v2_8_rfs.vhd:9746]
INFO: [Synth 8-638] synthesizing module 'sync_fifo_fg' [/home/user/ocpi/bsp_sidekiq_m2_cp_dev1_5_cv2_8/hdl/platforms/m2pcie/axi_pcie_wrapper/core/axi_pcie_0/hdl/lib_fifo_v1_0_rfs.vhd:2097]
INFO: [Synth 8-256] done synthesizing module 'sync_fifo_fg' (28#1) [/home/user/ocpi/bsp_sidekiq_m2_cp_dev1_5_cv2_8/hdl/platforms/m2pcie/axi_pcie_wrapper/core/axi_pcie_0/hdl/lib_fifo_v1_0_rfs.vhd:2097]
INFO: [Synth 8-638] synthesizing module 'axi_s_masterbridge_wr' [/home/user/ocpi/bsp_sidekiq_m2_cp_dev1_5_cv2_8/hdl/platforms/m2pcie/axi_pcie_wrapper/core/axi_pcie_0/hdl/axi_pcie_v2_8_rfs.vhd:8140]
INFO: [Synth 8-256] done synthesizing module 'axi_s_masterbridge_wr' (29#1) [/home/user/ocpi/bsp_sidekiq_m2_cp_dev1_5_cv2_8/hdl/platforms/m2pcie/axi_pcie_wrapper/core/axi_pcie_0/hdl/axi_pcie_v2_8_rfs.vhd:8140]
INFO: [Synth 8-638] synthesizing module 'axi_mm_masterbridge_wr' [/home/user/ocpi/bsp_sidekiq_m2_cp_dev1_5_cv2_8/hdl/platforms/m2pcie/axi_pcie_wrapper/core/axi_pcie_0/hdl/axi_pcie_v2_8_rfs.vhd:3435]
INFO: [Synth 8-256] done synthesizing module 'axi_mm_masterbridge_wr' (30#1) [/home/user/ocpi/bsp_sidekiq_m2_cp_dev1_5_cv2_8/hdl/platforms/m2pcie/axi_pcie_wrapper/core/axi_pcie_0/hdl/axi_pcie_v2_8_rfs.vhd:3435]
INFO: [Synth 8-256] done synthesizing module 'axi_mm_s_masterbridge_wr' (31#1) [/home/user/ocpi/bsp_sidekiq_m2_cp_dev1_5_cv2_8/hdl/platforms/m2pcie/axi_pcie_wrapper/core/axi_pcie_0/hdl/axi_pcie_v2_8_rfs.vhd:9746]
INFO: [Synth 8-638] synthesizing module 'axi_mm_s_masterbridge_rd' [/home/user/ocpi/bsp_sidekiq_m2_cp_dev1_5_cv2_8/hdl/platforms/m2pcie/axi_pcie_wrapper/core/axi_pcie_0/hdl/axi_pcie_v2_8_rfs.vhd:9417]
INFO: [Synth 8-638] synthesizing module 'sync_fifo_fg__parameterized0' [/home/user/ocpi/bsp_sidekiq_m2_cp_dev1_5_cv2_8/hdl/platforms/m2pcie/axi_pcie_wrapper/core/axi_pcie_0/hdl/lib_fifo_v1_0_rfs.vhd:2097]
INFO: [Synth 8-256] done synthesizing module 'sync_fifo_fg__parameterized0' (31#1) [/home/user/ocpi/bsp_sidekiq_m2_cp_dev1_5_cv2_8/hdl/platforms/m2pcie/axi_pcie_wrapper/core/axi_pcie_0/hdl/lib_fifo_v1_0_rfs.vhd:2097]
INFO: [Synth 8-638] synthesizing module 'axi_s_masterbridge_rd' [/home/user/ocpi/bsp_sidekiq_m2_cp_dev1_5_cv2_8/hdl/platforms/m2pcie/axi_pcie_wrapper/core/axi_pcie_0/hdl/axi_pcie_v2_8_rfs.vhd:4250]
INFO: [Synth 8-256] done synthesizing module 'axi_s_masterbridge_rd' (32#1) [/home/user/ocpi/bsp_sidekiq_m2_cp_dev1_5_cv2_8/hdl/platforms/m2pcie/axi_pcie_wrapper/core/axi_pcie_0/hdl/axi_pcie_v2_8_rfs.vhd:4250]
INFO: [Synth 8-638] synthesizing module 'axi_mm_masterbridge_rd' [/home/user/ocpi/bsp_sidekiq_m2_cp_dev1_5_cv2_8/hdl/platforms/m2pcie/axi_pcie_wrapper/core/axi_pcie_0/hdl/axi_pcie_v2_8_rfs.vhd:2720]
INFO: [Synth 8-256] done synthesizing module 'axi_mm_masterbridge_rd' (33#1) [/home/user/ocpi/bsp_sidekiq_m2_cp_dev1_5_cv2_8/hdl/platforms/m2pcie/axi_pcie_wrapper/core/axi_pcie_0/hdl/axi_pcie_v2_8_rfs.vhd:2720]
INFO: [Synth 8-256] done synthesizing module 'axi_mm_s_masterbridge_rd' (34#1) [/home/user/ocpi/bsp_sidekiq_m2_cp_dev1_5_cv2_8/hdl/platforms/m2pcie/axi_pcie_wrapper/core/axi_pcie_0/hdl/axi_pcie_v2_8_rfs.vhd:9417]
INFO: [Synth 8-256] done synthesizing module 'axi_mm_s_masterbridge' (35#1) [/home/user/ocpi/bsp_sidekiq_m2_cp_dev1_5_cv2_8/hdl/platforms/m2pcie/axi_pcie_wrapper/core/axi_pcie_0/hdl/axi_pcie_v2_8_rfs.vhd:10136]
INFO: [Synth 8-638] synthesizing module 'slave_bridge' [/home/user/ocpi/bsp_sidekiq_m2_cp_dev1_5_cv2_8/hdl/platforms/m2pcie/axi_pcie_wrapper/core/axi_pcie_0/hdl/axi_pcie_v2_8_rfs.vhd:16442]
INFO: [Synth 8-638] synthesizing module 'axi_slave_write' [/home/user/ocpi/bsp_sidekiq_m2_cp_dev1_5_cv2_8/hdl/platforms/m2pcie/axi_pcie_wrapper/core/axi_pcie_0/hdl/axi_pcie_v2_8_rfs.vhd:15215]
INFO: [Synth 8-256] done synthesizing module 'axi_slave_write' (36#1) [/home/user/ocpi/bsp_sidekiq_m2_cp_dev1_5_cv2_8/hdl/platforms/m2pcie/axi_pcie_wrapper/core/axi_pcie_0/hdl/axi_pcie_v2_8_rfs.vhd:15215]
INFO: [Synth 8-638] synthesizing module 'axi_slave_read' [/home/user/ocpi/bsp_sidekiq_m2_cp_dev1_5_cv2_8/hdl/platforms/m2pcie/axi_pcie_wrapper/core/axi_pcie_0/hdl/axi_pcie_v2_8_rfs.vhd:14176]
INFO: [Synth 8-256] done synthesizing module 'axi_slave_read' (37#1) [/home/user/ocpi/bsp_sidekiq_m2_cp_dev1_5_cv2_8/hdl/platforms/m2pcie/axi_pcie_wrapper/core/axi_pcie_0/hdl/axi_pcie_v2_8_rfs.vhd:14176]
INFO: [Synth 8-638] synthesizing module 'sync_fifo_fg__parameterized1' [/home/user/ocpi/bsp_sidekiq_m2_cp_dev1_5_cv2_8/hdl/platforms/m2pcie/axi_pcie_wrapper/core/axi_pcie_0/hdl/lib_fifo_v1_0_rfs.vhd:2097]
INFO: [Synth 8-256] done synthesizing module 'sync_fifo_fg__parameterized1' (37#1) [/home/user/ocpi/bsp_sidekiq_m2_cp_dev1_5_cv2_8/hdl/platforms/m2pcie/axi_pcie_wrapper/core/axi_pcie_0/hdl/lib_fifo_v1_0_rfs.vhd:2097]
INFO: [Synth 8-638] synthesizing module 'blk_mem_gen_wrapper' [/home/user/ocpi/bsp_sidekiq_m2_cp_dev1_5_cv2_8/hdl/platforms/m2pcie/axi_pcie_wrapper/core/axi_pcie_0/hdl/lib_bmg_v1_0_rfs.vhd:192]
INFO: [Synth 8-256] done synthesizing module 'blk_mem_gen_wrapper' (38#1) [/home/user/ocpi/bsp_sidekiq_m2_cp_dev1_5_cv2_8/hdl/platforms/m2pcie/axi_pcie_wrapper/core/axi_pcie_0/hdl/lib_bmg_v1_0_rfs.vhd:192]
INFO: [Synth 8-638] synthesizing module 'slave_write_req_tlp' [/home/user/ocpi/bsp_sidekiq_m2_cp_dev1_5_cv2_8/hdl/platforms/m2pcie/axi_pcie_wrapper/core/axi_pcie_0/hdl/axi_pcie_v2_8_rfs.vhd:13340]
INFO: [Synth 8-256] done synthesizing module 'slave_write_req_tlp' (39#1) [/home/user/ocpi/bsp_sidekiq_m2_cp_dev1_5_cv2_8/hdl/platforms/m2pcie/axi_pcie_wrapper/core/axi_pcie_0/hdl/axi_pcie_v2_8_rfs.vhd:13340]
INFO: [Synth 8-638] synthesizing module 'slave_read_req_tlp' [/home/user/ocpi/bsp_sidekiq_m2_cp_dev1_5_cv2_8/hdl/platforms/m2pcie/axi_pcie_wrapper/core/axi_pcie_0/hdl/axi_pcie_v2_8_rfs.vhd:12688]
INFO: [Synth 8-256] done synthesizing module 'slave_read_req_tlp' (40#1) [/home/user/ocpi/bsp_sidekiq_m2_cp_dev1_5_cv2_8/hdl/platforms/m2pcie/axi_pcie_wrapper/core/axi_pcie_0/hdl/axi_pcie_v2_8_rfs.vhd:12688]
INFO: [Synth 8-638] synthesizing module 'slave_read_cpl_tlp' [/home/user/ocpi/bsp_sidekiq_m2_cp_dev1_5_cv2_8/hdl/platforms/m2pcie/axi_pcie_wrapper/core/axi_pcie_0/hdl/axi_pcie_v2_8_rfs.vhd:10968]
INFO: [Synth 8-638] synthesizing module 'blk_mem_gen_wrapper__parameterized0' [/home/user/ocpi/bsp_sidekiq_m2_cp_dev1_5_cv2_8/hdl/platforms/m2pcie/axi_pcie_wrapper/core/axi_pcie_0/hdl/lib_bmg_v1_0_rfs.vhd:192]
INFO: [Synth 8-256] done synthesizing module 'blk_mem_gen_wrapper__parameterized0' (40#1) [/home/user/ocpi/bsp_sidekiq_m2_cp_dev1_5_cv2_8/hdl/platforms/m2pcie/axi_pcie_wrapper/core/axi_pcie_0/hdl/lib_bmg_v1_0_rfs.vhd:192]
INFO: [Synth 8-638] synthesizing module 'blk_mem_gen_wrapper__parameterized1' [/home/user/ocpi/bsp_sidekiq_m2_cp_dev1_5_cv2_8/hdl/platforms/m2pcie/axi_pcie_wrapper/core/axi_pcie_0/hdl/lib_bmg_v1_0_rfs.vhd:192]
INFO: [Synth 8-256] done synthesizing module 'blk_mem_gen_wrapper__parameterized1' (40#1) [/home/user/ocpi/bsp_sidekiq_m2_cp_dev1_5_cv2_8/hdl/platforms/m2pcie/axi_pcie_wrapper/core/axi_pcie_0/hdl/lib_bmg_v1_0_rfs.vhd:192]
INFO: [Synth 8-256] done synthesizing module 'slave_read_cpl_tlp' (41#1) [/home/user/ocpi/bsp_sidekiq_m2_cp_dev1_5_cv2_8/hdl/platforms/m2pcie/axi_pcie_wrapper/core/axi_pcie_0/hdl/axi_pcie_v2_8_rfs.vhd:10968]
INFO: [Synth 8-256] done synthesizing module 'slave_bridge' (42#1) [/home/user/ocpi/bsp_sidekiq_m2_cp_dev1_5_cv2_8/hdl/platforms/m2pcie/axi_pcie_wrapper/core/axi_pcie_0/hdl/axi_pcie_v2_8_rfs.vhd:16442]
INFO: [Synth 8-256] done synthesizing module 'axi_pcie_mm_s' (43#1) [/home/user/ocpi/bsp_sidekiq_m2_cp_dev1_5_cv2_8/hdl/platforms/m2pcie/axi_pcie_wrapper/core/axi_pcie_0/hdl/axi_pcie_v2_8_rfs.vhd:17841]
INFO: [Synth 8-638] synthesizing module 'axi_enhanced_pcie' [/home/user/ocpi/bsp_sidekiq_m2_cp_dev1_5_cv2_8/hdl/platforms/m2pcie/axi_pcie_wrapper/core/axi_pcie_0/hdl/axi_pcie_v2_8_rfs.vhd:853]
INFO: [Synth 8-638] synthesizing module 'axi_pcie_v2_8_5_enhanced_core_top_wrap' [/home/user/ocpi/bsp_sidekiq_m2_cp_dev1_5_cv2_8/hdl/platforms/m2pcie/axi_pcie_wrapper/core/axi_pcie_0/hdl/axi_pcie_v2_8_rfs.v:17152]
INFO: [Synth 8-638] synthesizing module 'axi_pcie_v2_8_5_axi_pcie_enhanced_core_top' [/home/user/ocpi/bsp_sidekiq_m2_cp_dev1_5_cv2_8/hdl/platforms/m2pcie/axi_pcie_wrapper/core/axi_pcie_0/hdl/axi_pcie_v2_8_rfs.v:11917]
INFO: [Synth 8-638] synthesizing module 'axi_pcie_v2_8_5_pcie_7x_v2_0_2' [/home/user/ocpi/bsp_sidekiq_m2_cp_dev1_5_cv2_8/hdl/platforms/m2pcie/axi_pcie_wrapper/core/axi_pcie_0/hdl/axi_pcie_0_pcie_7x_v2_0_2.v:59]
INFO: [Synth 8-638] synthesizing module 'axi_pcie_v2_8_5_pcie_7x_v2_0_2_gt_top' [/home/user/ocpi/bsp_sidekiq_m2_cp_dev1_5_cv2_8/hdl/platforms/m2pcie/axi_pcie_wrapper/core/axi_pcie_0/hdl/axi_pcie_v2_8_rfs.v:20313]
INFO: [Synth 8-638] synthesizing module 'axi_pcie_v2_8_5_pcie_7x_v2_0_2_gt_rx_valid_filter_7x' [/home/user/ocpi/bsp_sidekiq_m2_cp_dev1_5_cv2_8/hdl/platforms/m2pcie/axi_pcie_wrapper/core/axi_pcie_0/hdl/axi_pcie_v2_8_rfs.v:20027]
INFO: [Synth 8-256] done synthesizing module 'axi_pcie_v2_8_5_pcie_7x_v2_0_2_gt_rx_valid_filter_7x' (44#1) [/home/user/ocpi/bsp_sidekiq_m2_cp_dev1_5_cv2_8/hdl/platforms/m2pcie/axi_pcie_wrapper/core/axi_pcie_0/hdl/axi_pcie_v2_8_rfs.v:20027]
INFO: [Synth 8-638] synthesizing module 'axi_pcie_v2_8_5_pcie_7x_v2_0_2_pipe_wrapper' [/home/user/ocpi/bsp_sidekiq_m2_cp_dev1_5_cv2_8/hdl/platforms/m2pcie/axi_pcie_wrapper/core/axi_pcie_0/hdl/axi_pcie_v2_8_rfs.v:41232]
INFO: [Synth 8-638] synthesizing module 'axi_pcie_v2_8_5_pcie_7x_v2_0_2_pipe_clock' [/home/user/ocpi/bsp_sidekiq_m2_cp_dev1_5_cv2_8/hdl/platforms/m2pcie/axi_pcie_wrapper/core/axi_pcie_0/hdl/axi_pcie_v2_8_5_pcie_7x_v2_0_2_pipe_clock.v:66]
INFO: [Synth 8-638] synthesizing module 'BUFG' [/home/user/Xilinx/Vivado/2017.2/scripts/rt/data/unisim_comp.v:607]
INFO: [Synth 8-256] done synthesizing module 'BUFG' (45#1) [/home/user/Xilinx/Vivado/2017.2/scripts/rt/data/unisim_comp.v:607]
INFO: [Synth 8-638] synthesizing module 'BUFGCTRL' [/home/user/Xilinx/Vivado/2017.2/scripts/rt/data/unisim_comp.v:661]
INFO: [Synth 8-256] done synthesizing module 'BUFGCTRL' (46#1) [/home/user/Xilinx/Vivado/2017.2/scripts/rt/data/unisim_comp.v:661]
INFO: [Synth 8-638] synthesizing module 'MMCME2_ADV' [/home/user/Xilinx/Vivado/2017.2/scripts/rt/data/unisim_comp.v:20759]
INFO: [Synth 8-256] done synthesizing module 'MMCME2_ADV' (47#1) [/home/user/Xilinx/Vivado/2017.2/scripts/rt/data/unisim_comp.v:20759]
INFO: [Synth 8-256] done synthesizing module 'axi_pcie_v2_8_5_pcie_7x_v2_0_2_pipe_clock' (48#1) [/home/user/ocpi/bsp_sidekiq_m2_cp_dev1_5_cv2_8/hdl/platforms/m2pcie/axi_pcie_wrapper/core/axi_pcie_0/hdl/axi_pcie_v2_8_5_pcie_7x_v2_0_2_pipe_clock.v:66]
INFO: [Synth 8-638] synthesizing module 'axi_pcie_v2_8_5_pcie_7x_v2_0_2_gtp_pipe_reset' [/home/user/ocpi/bsp_sidekiq_m2_cp_dev1_5_cv2_8/hdl/platforms/m2pcie/axi_pcie_wrapper/core/axi_pcie_0/hdl/axi_pcie_v2_8_rfs.v:26619]
INFO: [Synth 8-256] done synthesizing module 'axi_pcie_v2_8_5_pcie_7x_v2_0_2_gtp_pipe_reset' (49#1) [/home/user/ocpi/bsp_sidekiq_m2_cp_dev1_5_cv2_8/hdl/platforms/m2pcie/axi_pcie_wrapper/core/axi_pcie_0/hdl/axi_pcie_v2_8_rfs.v:26619]
INFO: [Synth 8-638] synthesizing module 'axi_pcie_v2_8_5_pcie_7x_v2_0_2_qpll_reset' [/home/user/ocpi/bsp_sidekiq_m2_cp_dev1_5_cv2_8/hdl/platforms/m2pcie/axi_pcie_wrapper/core/axi_pcie_0/hdl/axi_pcie_v2_8_rfs.v:44947]
INFO: [Synth 8-256] done synthesizing module 'axi_pcie_v2_8_5_pcie_7x_v2_0_2_qpll_reset' (50#1) [/home/user/ocpi/bsp_sidekiq_m2_cp_dev1_5_cv2_8/hdl/platforms/m2pcie/axi_pcie_wrapper/core/axi_pcie_0/hdl/axi_pcie_v2_8_rfs.v:44947]
INFO: [Synth 8-638] synthesizing module 'axi_pcie_v2_8_5_pcie_7x_v2_0_2_gtp_pipe_rate' [/home/user/ocpi/bsp_sidekiq_m2_cp_dev1_5_cv2_8/hdl/platforms/m2pcie/axi_pcie_wrapper/core/axi_pcie_0/hdl/axi_pcie_v2_8_rfs.v:25786]
INFO: [Synth 8-256] done synthesizing module 'axi_pcie_v2_8_5_pcie_7x_v2_0_2_gtp_pipe_rate' (51#1) [/home/user/ocpi/bsp_sidekiq_m2_cp_dev1_5_cv2_8/hdl/platforms/m2pcie/axi_pcie_wrapper/core/axi_pcie_0/hdl/axi_pcie_v2_8_rfs.v:25786]
INFO: [Synth 8-638] synthesizing module 'axi_pcie_v2_8_5_pcie_7x_v2_0_2_gtp_pipe_drp' [/home/user/ocpi/bsp_sidekiq_m2_cp_dev1_5_cv2_8/hdl/platforms/m2pcie/axi_pcie_wrapper/core/axi_pcie_0/hdl/axi_pcie_v2_8_rfs.v:26248]
INFO: [Synth 8-256] done synthesizing module 'axi_pcie_v2_8_5_pcie_7x_v2_0_2_gtp_pipe_drp' (52#1) [/home/user/ocpi/bsp_sidekiq_m2_cp_dev1_5_cv2_8/hdl/platforms/m2pcie/axi_pcie_wrapper/core/axi_pcie_0/hdl/axi_pcie_v2_8_rfs.v:26248]
INFO: [Synth 8-638] synthesizing module 'axi_pcie_v2_8_5_pcie_7x_v2_0_2_pipe_eq' [/home/user/ocpi/bsp_sidekiq_m2_cp_dev1_5_cv2_8/hdl/platforms/m2pcie/axi_pcie_wrapper/core/axi_pcie_0/hdl/axi_pcie_v2_8_rfs.v:34532]
INFO: [Synth 8-638] synthesizing module 'axi_pcie_v2_8_5_pcie_7x_v2_0_2_rxeq_scan' [/home/user/ocpi/bsp_sidekiq_m2_cp_dev1_5_cv2_8/hdl/platforms/m2pcie/axi_pcie_wrapper/core/axi_pcie_0/hdl/axi_pcie_v2_8_rfs.v:45636]
INFO: [Synth 8-256] done synthesizing module 'axi_pcie_v2_8_5_pcie_7x_v2_0_2_rxeq_scan' (53#1) [/home/user/ocpi/bsp_sidekiq_m2_cp_dev1_5_cv2_8/hdl/platforms/m2pcie/axi_pcie_wrapper/core/axi_pcie_0/hdl/axi_pcie_v2_8_rfs.v:45636]
INFO: [Synth 8-256] done synthesizing module 'axi_pcie_v2_8_5_pcie_7x_v2_0_2_pipe_eq' (54#1) [/home/user/ocpi/bsp_sidekiq_m2_cp_dev1_5_cv2_8/hdl/platforms/m2pcie/axi_pcie_wrapper/core/axi_pcie_0/hdl/axi_pcie_v2_8_rfs.v:34532]
INFO: [Synth 8-638] synthesizing module 'axi_pcie_v2_8_5_pcie_7x_v2_0_2_gt_common' [/home/user/ocpi/bsp_sidekiq_m2_cp_dev1_5_cv2_8/hdl/platforms/m2pcie/axi_pcie_wrapper/core/axi_pcie_0/hdl/axi_pcie_v2_8_5_pcie_7x_v2_0_2_gt_common.v:55]
INFO: [Synth 8-638] synthesizing module 'axi_pcie_v2_8_5_pcie_7x_v2_0_2_qpll_drp' [/home/user/ocpi/bsp_sidekiq_m2_cp_dev1_5_cv2_8/hdl/platforms/m2pcie/axi_pcie_wrapper/core/axi_pcie_0/hdl/axi_pcie_v2_8_5_pcie_7x_v2_0_2_qpll_drp.v:66]
INFO: [Synth 8-256] done synthesizing module 'axi_pcie_v2_8_5_pcie_7x_v2_0_2_qpll_drp' (55#1) [/home/user/ocpi/bsp_sidekiq_m2_cp_dev1_5_cv2_8/hdl/platforms/m2pcie/axi_pcie_wrapper/core/axi_pcie_0/hdl/axi_pcie_v2_8_5_pcie_7x_v2_0_2_qpll_drp.v:66]
INFO: [Synth 8-638] synthesizing module 'axi_pcie_v2_8_5_pcie_7x_v2_0_2_qpll_wrapper' [/home/user/ocpi/bsp_sidekiq_m2_cp_dev1_5_cv2_8/hdl/platforms/m2pcie/axi_pcie_wrapper/core/axi_pcie_0/hdl/axi_pcie_v2_8_5_pcie_7x_v2_0_2_qpll_wrapper.v:66]
INFO: [Synth 8-638] synthesizing module 'GTPE2_COMMON' [/home/user/Xilinx/Vivado/2017.2/scripts/rt/data/unisim_comp.v:9987]
INFO: [Synth 8-256] done synthesizing module 'GTPE2_COMMON' (56#1) [/home/user/Xilinx/Vivado/2017.2/scripts/rt/data/unisim_comp.v:9987]
INFO: [Synth 8-638] synthesizing module 'axi_pcie_v2_8_5_pcie_7x_v2_0_2_gtp_cpllpd_ovrd' [/home/user/ocpi/bsp_sidekiq_m2_cp_dev1_5_cv2_8/hdl/platforms/m2pcie/axi_pcie_wrapper/core/axi_pcie_0/hdl/axi_pcie_v2_8_5_pcie_7x_v2_0_2_gtp_cpllpd_ovrd.v:55]
INFO: [Synth 8-256] done synthesizing module 'axi_pcie_v2_8_5_pcie_7x_v2_0_2_gtp_cpllpd_ovrd' (57#1) [/home/user/ocpi/bsp_sidekiq_m2_cp_dev1_5_cv2_8/hdl/platforms/m2pcie/axi_pcie_wrapper/core/axi_pcie_0/hdl/axi_pcie_v2_8_5_pcie_7x_v2_0_2_gtp_cpllpd_ovrd.v:55]
INFO: [Synth 8-256] done synthesizing module 'axi_pcie_v2_8_5_pcie_7x_v2_0_2_qpll_wrapper' (58#1) [/home/user/ocpi/bsp_sidekiq_m2_cp_dev1_5_cv2_8/hdl/platforms/m2pcie/axi_pcie_wrapper/core/axi_pcie_0/hdl/axi_pcie_v2_8_5_pcie_7x_v2_0_2_qpll_wrapper.v:66]
INFO: [Synth 8-256] done synthesizing module 'axi_pcie_v2_8_5_pcie_7x_v2_0_2_gt_common' (59#1) [/home/user/ocpi/bsp_sidekiq_m2_cp_dev1_5_cv2_8/hdl/platforms/m2pcie/axi_pcie_wrapper/core/axi_pcie_0/hdl/axi_pcie_v2_8_5_pcie_7x_v2_0_2_gt_common.v:55]
INFO: [Synth 8-638] synthesizing module 'axi_pcie_v2_8_5_pcie_7x_v2_0_2_pipe_user' [/home/user/ocpi/bsp_sidekiq_m2_cp_dev1_5_cv2_8/hdl/platforms/m2pcie/axi_pcie_wrapper/core/axi_pcie_0/hdl/axi_pcie_v2_8_rfs.v:40064]
INFO: [Synth 8-256] done synthesizing module 'axi_pcie_v2_8_5_pcie_7x_v2_0_2_pipe_user' (60#1) [/home/user/ocpi/bsp_sidekiq_m2_cp_dev1_5_cv2_8/hdl/platforms/m2pcie/axi_pcie_wrapper/core/axi_pcie_0/hdl/axi_pcie_v2_8_rfs.v:40064]
INFO: [Synth 8-638] synthesizing module 'axi_pcie_v2_8_5_pcie_7x_v2_0_2_pipe_sync' [/home/user/ocpi/bsp_sidekiq_m2_cp_dev1_5_cv2_8/hdl/platforms/m2pcie/axi_pcie_wrapper/core/axi_pcie_0/hdl/axi_pcie_v2_8_rfs.v:38795]
INFO: [Synth 8-256] done synthesizing module 'axi_pcie_v2_8_5_pcie_7x_v2_0_2_pipe_sync' (61#1) [/home/user/ocpi/bsp_sidekiq_m2_cp_dev1_5_cv2_8/hdl/platforms/m2pcie/axi_pcie_wrapper/core/axi_pcie_0/hdl/axi_pcie_v2_8_rfs.v:38795]
INFO: [Synth 8-638] synthesizing module 'axi_pcie_v2_8_5_pcie_7x_v2_0_2_gt_wrapper' [/home/user/ocpi/bsp_sidekiq_m2_cp_dev1_5_cv2_8/hdl/platforms/m2pcie/axi_pcie_wrapper/core/axi_pcie_0/hdl/axi_pcie_v2_8_rfs.v:21816]
INFO: [Synth 8-638] synthesizing module 'GTPE2_CHANNEL' [/home/user/Xilinx/Vivado/2017.2/scripts/rt/data/unisim_comp.v:9285]
INFO: [Synth 8-256] done synthesizing module 'GTPE2_CHANNEL' (62#1) [/home/user/Xilinx/Vivado/2017.2/scripts/rt/data/unisim_comp.v:9285]
INFO: [Synth 8-638] synthesizing module 'axi_pcie_v2_8_5_pcie_7x_v2_0_2_gtx_cpllpd_ovrd' [/home/user/ocpi/bsp_sidekiq_m2_cp_dev1_5_cv2_8/hdl/platforms/m2pcie/axi_pcie_wrapper/core/axi_pcie_0/hdl/axi_pcie_v2_8_rfs.v:24137]
INFO: [Synth 8-256] done synthesizing module 'axi_pcie_v2_8_5_pcie_7x_v2_0_2_gtx_cpllpd_ovrd' (63#1) [/home/user/ocpi/bsp_sidekiq_m2_cp_dev1_5_cv2_8/hdl/platforms/m2pcie/axi_pcie_wrapper/core/axi_pcie_0/hdl/axi_pcie_v2_8_rfs.v:24137]
INFO: [Synth 8-256] done synthesizing module 'axi_pcie_v2_8_5_pcie_7x_v2_0_2_gt_wrapper' (64#1) [/home/user/ocpi/bsp_sidekiq_m2_cp_dev1_5_cv2_8/hdl/platforms/m2pcie/axi_pcie_wrapper/core/axi_pcie_0/hdl/axi_pcie_v2_8_rfs.v:21816]
INFO: [Synth 8-256] done synthesizing module 'axi_pcie_v2_8_5_pcie_7x_v2_0_2_pipe_wrapper' (65#1) [/home/user/ocpi/bsp_sidekiq_m2_cp_dev1_5_cv2_8/hdl/platforms/m2pcie/axi_pcie_wrapper/core/axi_pcie_0/hdl/axi_pcie_v2_8_rfs.v:41232]
INFO: [Synth 8-256] done synthesizing module 'axi_pcie_v2_8_5_pcie_7x_v2_0_2_gt_top' (66#1) [/home/user/ocpi/bsp_sidekiq_m2_cp_dev1_5_cv2_8/hdl/platforms/m2pcie/axi_pcie_wrapper/core/axi_pcie_0/hdl/axi_pcie_v2_8_rfs.v:20313]
INFO: [Synth 8-638] synthesizing module 'axi_pcie_v2_8_5_pcie_7x_v2_0_2_pcie_top' [/home/user/ocpi/bsp_sidekiq_m2_cp_dev1_5_cv2_8/hdl/platforms/m2pcie/axi_pcie_wrapper/core/axi_pcie_0/hdl/axi_pcie_v2_8_rfs.v:30823]
INFO: [Synth 8-638] synthesizing module 'axi_pcie_v2_8_5_axi_enhanced_top' [/home/user/ocpi/bsp_sidekiq_m2_cp_dev1_5_cv2_8/hdl/platforms/m2pcie/axi_pcie_wrapper/core/axi_pcie_0/hdl/axi_pcie_v2_8_rfs.v:9734]
INFO: [Synth 8-638] synthesizing module 'axi_pcie_v2_8_5_axi_enhanced_rx' [/home/user/ocpi/bsp_sidekiq_m2_cp_dev1_5_cv2_8/hdl/platforms/m2pcie/axi_pcie_wrapper/core/axi_pcie_0/hdl/axi_pcie_v2_8_rfs.v:7143]
INFO: [Synth 8-638] synthesizing module 'axi_pcie_v2_8_5_axi_enhanced_rx_pipeline' [/home/user/ocpi/bsp_sidekiq_m2_cp_dev1_5_cv2_8/hdl/platforms/m2pcie/axi_pcie_wrapper/core/axi_pcie_0/hdl/axi_pcie_v2_8_rfs.v:8991]
INFO: [Synth 8-256] done synthesizing module 'axi_pcie_v2_8_5_axi_enhanced_rx_pipeline' (67#1) [/home/user/ocpi/bsp_sidekiq_m2_cp_dev1_5_cv2_8/hdl/platforms/m2pcie/axi_pcie_wrapper/core/axi_pcie_0/hdl/axi_pcie_v2_8_rfs.v:8991]
INFO: [Synth 8-638] synthesizing module 'axi_pcie_v2_8_5_axi_enhanced_rx_destraddler' [/home/user/ocpi/bsp_sidekiq_m2_cp_dev1_5_cv2_8/hdl/platforms/m2pcie/axi_pcie_wrapper/core/axi_pcie_0/hdl/axi_pcie_v2_8_rfs.v:8355]
INFO: [Synth 8-256] done synthesizing module 'axi_pcie_v2_8_5_axi_enhanced_rx_destraddler' (68#1) [/home/user/ocpi/bsp_sidekiq_m2_cp_dev1_5_cv2_8/hdl/platforms/m2pcie/axi_pcie_wrapper/core/axi_pcie_0/hdl/axi_pcie_v2_8_rfs.v:8355]
INFO: [Synth 8-638] synthesizing module 'axi_pcie_v2_8_5_axi_enhanced_rx_null_gen' [/home/user/ocpi/bsp_sidekiq_m2_cp_dev1_5_cv2_8/hdl/platforms/m2pcie/axi_pcie_wrapper/core/axi_pcie_0/hdl/axi_pcie_v2_8_rfs.v:8663]
INFO: [Synth 8-256] done synthesizing module 'axi_pcie_v2_8_5_axi_enhanced_rx_null_gen' (69#1) [/home/user/ocpi/bsp_sidekiq_m2_cp_dev1_5_cv2_8/hdl/platforms/m2pcie/axi_pcie_wrapper/core/axi_pcie_0/hdl/axi_pcie_v2_8_rfs.v:8663]
INFO: [Synth 8-638] synthesizing module 'axi_pcie_v2_8_5_axi_enhanced_rx_demux' [/home/user/ocpi/bsp_sidekiq_m2_cp_dev1_5_cv2_8/hdl/platforms/m2pcie/axi_pcie_wrapper/core/axi_pcie_0/hdl/axi_pcie_v2_8_rfs.v:7515]
INFO: [Synth 8-256] done synthesizing module 'axi_pcie_v2_8_5_axi_enhanced_rx_demux' (70#1) [/home/user/ocpi/bsp_sidekiq_m2_cp_dev1_5_cv2_8/hdl/platforms/m2pcie/axi_pcie_wrapper/core/axi_pcie_0/hdl/axi_pcie_v2_8_rfs.v:7515]
INFO: [Synth 8-256] done synthesizing module 'axi_pcie_v2_8_5_axi_enhanced_rx' (71#1) [/home/user/ocpi/bsp_sidekiq_m2_cp_dev1_5_cv2_8/hdl/platforms/m2pcie/axi_pcie_wrapper/core/axi_pcie_0/hdl/axi_pcie_v2_8_rfs.v:7143]
INFO: [Synth 8-638] synthesizing module 'axi_pcie_v2_8_5_axi_enhanced_tx' [/home/user/ocpi/bsp_sidekiq_m2_cp_dev1_5_cv2_8/hdl/platforms/m2pcie/axi_pcie_wrapper/core/axi_pcie_0/hdl/axi_pcie_v2_8_rfs.v:10309]
INFO: [Synth 8-638] synthesizing module 'axi_pcie_v2_8_5_axi_enhanced_tx_port_mux' [/home/user/ocpi/bsp_sidekiq_m2_cp_dev1_5_cv2_8/hdl/platforms/m2pcie/axi_pcie_wrapper/core/axi_pcie_0/hdl/axi_pcie_v2_8_rfs.v:11438]
INFO: [Synth 8-256] done synthesizing module 'axi_pcie_v2_8_5_axi_enhanced_tx_port_mux' (72#1) [/home/user/ocpi/bsp_sidekiq_m2_cp_dev1_5_cv2_8/hdl/platforms/m2pcie/axi_pcie_wrapper/core/axi_pcie_0/hdl/axi_pcie_v2_8_rfs.v:11438]
INFO: [Synth 8-638] synthesizing module 'axi_pcie_v2_8_5_axi_enhanced_tx_pipeline' [/home/user/ocpi/bsp_sidekiq_m2_cp_dev1_5_cv2_8/hdl/platforms/m2pcie/axi_pcie_wrapper/core/axi_pcie_0/hdl/axi_pcie_v2_8_rfs.v:11024]
INFO: [Synth 8-256] done synthesizing module 'axi_pcie_v2_8_5_axi_enhanced_tx_pipeline' (73#1) [/home/user/ocpi/bsp_sidekiq_m2_cp_dev1_5_cv2_8/hdl/platforms/m2pcie/axi_pcie_wrapper/core/axi_pcie_0/hdl/axi_pcie_v2_8_rfs.v:11024]
INFO: [Synth 8-638] synthesizing module 'axi_pcie_v2_8_5_axi_enhanced_tx_arbiter' [/home/user/ocpi/bsp_sidekiq_m2_cp_dev1_5_cv2_8/hdl/platforms/m2pcie/axi_pcie_wrapper/core/axi_pcie_0/hdl/axi_pcie_v2_8_rfs.v:10557]
INFO: [Synth 8-256] done synthesizing module 'axi_pcie_v2_8_5_axi_enhanced_tx_arbiter' (74#1) [/home/user/ocpi/bsp_sidekiq_m2_cp_dev1_5_cv2_8/hdl/platforms/m2pcie/axi_pcie_wrapper/core/axi_pcie_0/hdl/axi_pcie_v2_8_rfs.v:10557]
INFO: [Synth 8-256] done synthesizing module 'axi_pcie_v2_8_5_axi_enhanced_tx' (75#1) [/home/user/ocpi/bsp_sidekiq_m2_cp_dev1_5_cv2_8/hdl/platforms/m2pcie/axi_pcie_wrapper/core/axi_pcie_0/hdl/axi_pcie_v2_8_rfs.v:10309]
INFO: [Synth 8-638] synthesizing module 'axi_pcie_v2_8_5_axi_enhanced_cfg' [/home/user/ocpi/bsp_sidekiq_m2_cp_dev1_5_cv2_8/hdl/platforms/m2pcie/axi_pcie_wrapper/core/axi_pcie_0/hdl/axi_pcie_v2_8_rfs.v:1508]
INFO: [Synth 8-638] synthesizing module 'axi_pcie_v2_8_5_axi_enhanced_cfg_slave' [/home/user/ocpi/bsp_sidekiq_m2_cp_dev1_5_cv2_8/hdl/platforms/m2pcie/axi_pcie_wrapper/core/axi_pcie_0/hdl/axi_pcie_v2_8_rfs.v:4892]
INFO: [Synth 8-256] done synthesizing module 'axi_pcie_v2_8_5_axi_enhanced_cfg_slave' (76#1) [/home/user/ocpi/bsp_sidekiq_m2_cp_dev1_5_cv2_8/hdl/platforms/m2pcie/axi_pcie_wrapper/core/axi_pcie_0/hdl/axi_pcie_v2_8_rfs.v:4892]
INFO: [Synth 8-638] synthesizing module 'axi_pcie_v2_8_5_axi_enhanced_cfg_gen_sink' [/home/user/ocpi/bsp_sidekiq_m2_cp_dev1_5_cv2_8/hdl/platforms/m2pcie/axi_pcie_wrapper/core/axi_pcie_0/hdl/axi_pcie_v2_8_rfs.v:4169]
INFO: [Synth 8-256] done synthesizing module 'axi_pcie_v2_8_5_axi_enhanced_cfg_gen_sink' (77#1) [/home/user/ocpi/bsp_sidekiq_m2_cp_dev1_5_cv2_8/hdl/platforms/m2pcie/axi_pcie_wrapper/core/axi_pcie_0/hdl/axi_pcie_v2_8_rfs.v:4169]
INFO: [Synth 8-638] synthesizing module 'axi_pcie_v2_8_5_axi_enhanced_cfg_block_bridge' [/home/user/ocpi/bsp_sidekiq_m2_cp_dev1_5_cv2_8/hdl/platforms/m2pcie/axi_pcie_wrapper/core/axi_pcie_0/hdl/axi_pcie_v2_8_rfs.v:2290]
INFO: [Synth 8-256] done synthesizing module 'axi_pcie_v2_8_5_axi_enhanced_cfg_block_bridge' (78#1) [/home/user/ocpi/bsp_sidekiq_m2_cp_dev1_5_cv2_8/hdl/platforms/m2pcie/axi_pcie_wrapper/core/axi_pcie_0/hdl/axi_pcie_v2_8_rfs.v:2290]
INFO: [Synth 8-638] synthesizing module 'axi_pcie_v2_8_5_axi_enhanced_cfg_event_handler' [/home/user/ocpi/bsp_sidekiq_m2_cp_dev1_5_cv2_8/hdl/platforms/m2pcie/axi_pcie_wrapper/core/axi_pcie_0/hdl/axi_pcie_v2_8_rfs.v:2690]
INFO: [Synth 8-256] done synthesizing module 'axi_pcie_v2_8_5_axi_enhanced_cfg_event_handler' (79#1) [/home/user/ocpi/bsp_sidekiq_m2_cp_dev1_5_cv2_8/hdl/platforms/m2pcie/axi_pcie_wrapper/core/axi_pcie_0/hdl/axi_pcie_v2_8_rfs.v:2690]
INFO: [Synth 8-638] synthesizing module 'axi_pcie_v2_8_5_axi_lite_ipif' [/home/user/ocpi/bsp_sidekiq_m2_cp_dev1_5_cv2_8/hdl/platforms/m2pcie/axi_pcie_wrapper/core/axi_pcie_0/hdl/axi_pcie_v2_8_rfs.v:11739]
INFO: [Synth 8-638] synthesizing module 'axi_pcie_v2_8_5_slave_attachment' [/home/user/ocpi/bsp_sidekiq_m2_cp_dev1_5_cv2_8/hdl/platforms/m2pcie/axi_pcie_wrapper/core/axi_pcie_0/hdl/axi_pcie_v2_8_rfs.v:47065]
INFO: [Synth 8-638] synthesizing module 'axi_pcie_v2_8_5_address_decoder' [/home/user/ocpi/bsp_sidekiq_m2_cp_dev1_5_cv2_8/hdl/platforms/m2pcie/axi_pcie_wrapper/core/axi_pcie_0/hdl/axi_pcie_v2_8_rfs.v:1256]
INFO: [Synth 8-638] synthesizing module 'axi_pcie_v2_8_5_pselect_f' [/home/user/ocpi/bsp_sidekiq_m2_cp_dev1_5_cv2_8/hdl/platforms/m2pcie/axi_pcie_wrapper/core/axi_pcie_0/hdl/axi_pcie_v2_8_rfs.v:46010]
INFO: [Synth 8-256] done synthesizing module 'axi_pcie_v2_8_5_pselect_f' (80#1) [/home/user/ocpi/bsp_sidekiq_m2_cp_dev1_5_cv2_8/hdl/platforms/m2pcie/axi_pcie_wrapper/core/axi_pcie_0/hdl/axi_pcie_v2_8_rfs.v:46010]
INFO: [Synth 8-256] done synthesizing module 'axi_pcie_v2_8_5_address_decoder' (81#1) [/home/user/ocpi/bsp_sidekiq_m2_cp_dev1_5_cv2_8/hdl/platforms/m2pcie/axi_pcie_wrapper/core/axi_pcie_0/hdl/axi_pcie_v2_8_rfs.v:1256]
INFO: [Synth 8-256] done synthesizing module 'axi_pcie_v2_8_5_slave_attachment' (82#1) [/home/user/ocpi/bsp_sidekiq_m2_cp_dev1_5_cv2_8/hdl/platforms/m2pcie/axi_pcie_wrapper/core/axi_pcie_0/hdl/axi_pcie_v2_8_rfs.v:47065]
INFO: [Synth 8-256] done synthesizing module 'axi_pcie_v2_8_5_axi_lite_ipif' (83#1) [/home/user/ocpi/bsp_sidekiq_m2_cp_dev1_5_cv2_8/hdl/platforms/m2pcie/axi_pcie_wrapper/core/axi_pcie_0/hdl/axi_pcie_v2_8_rfs.v:11739]
INFO: [Synth 8-256] done synthesizing module 'axi_pcie_v2_8_5_axi_enhanced_cfg' (84#1) [/home/user/ocpi/bsp_sidekiq_m2_cp_dev1_5_cv2_8/hdl/platforms/m2pcie/axi_pcie_wrapper/core/axi_pcie_0/hdl/axi_pcie_v2_8_rfs.v:1508]
INFO: [Synth 8-256] done synthesizing module 'axi_pcie_v2_8_5_axi_enhanced_top' (85#1) [/home/user/ocpi/bsp_sidekiq_m2_cp_dev1_5_cv2_8/hdl/platforms/m2pcie/axi_pcie_wrapper/core/axi_pcie_0/hdl/axi_pcie_v2_8_rfs.v:9734]
INFO: [Synth 8-638] synthesizing module 'axi_pcie_v2_8_5_pcie_7x_v2_0_2_pcie_7x' [/home/user/ocpi/bsp_sidekiq_m2_cp_dev1_5_cv2_8/hdl/platforms/m2pcie/axi_pcie_wrapper/core/axi_pcie_0/hdl/axi_pcie_v2_8_rfs.v:27153]
INFO: [Synth 8-638] synthesizing module 'axi_pcie_v2_8_5_pcie_7x_v2_0_2_pcie_bram_top_7x' [/home/user/ocpi/bsp_sidekiq_m2_cp_dev1_5_cv2_8/hdl/platforms/m2pcie/axi_pcie_wrapper/core/axi_pcie_0/hdl/axi_pcie_v2_8_rfs.v:29006]
INFO: [Synth 8-638] synthesizing module 'axi_pcie_v2_8_5_pcie_7x_v2_0_2_pcie_brams_7x' [/home/user/ocpi/bsp_sidekiq_m2_cp_dev1_5_cv2_8/hdl/platforms/m2pcie/axi_pcie_wrapper/core/axi_pcie_0/hdl/axi_pcie_v2_8_rfs.v:29184]
INFO: [Synth 8-638] synthesizing module 'axi_pcie_v2_8_5_pcie_7x_v2_0_2_pcie_bram_7x' [/home/user/ocpi/bsp_sidekiq_m2_cp_dev1_5_cv2_8/hdl/platforms/m2pcie/axi_pcie_wrapper/core/axi_pcie_0/hdl/axi_pcie_v2_8_rfs.v:28784]
INFO: [Synth 8-638] synthesizing module 'BRAM_TDP_MACRO' [/home/user/Xilinx/Vivado/2017.2/data/verilog/src/unimacro/BRAM_TDP_MACRO.v:30]
INFO: [Synth 8-638] synthesizing module 'RAMB36E1' [/home/user/Xilinx/Vivado/2017.2/scripts/rt/data/unisim_comp.v:42488]
INFO: [Synth 8-256] done synthesizing module 'RAMB36E1' (86#1) [/home/user/Xilinx/Vivado/2017.2/scripts/rt/data/unisim_comp.v:42488]
INFO: [Synth 8-256] done synthesizing module 'BRAM_TDP_MACRO' (87#1) [/home/user/Xilinx/Vivado/2017.2/data/verilog/src/unimacro/BRAM_TDP_MACRO.v:30]
INFO: [Synth 8-256] done synthesizing module 'axi_pcie_v2_8_5_pcie_7x_v2_0_2_pcie_bram_7x' (88#1) [/home/user/ocpi/bsp_sidekiq_m2_cp_dev1_5_cv2_8/hdl/platforms/m2pcie/axi_pcie_wrapper/core/axi_pcie_0/hdl/axi_pcie_v2_8_rfs.v:28784]
INFO: [Synth 8-256] done synthesizing module 'axi_pcie_v2_8_5_pcie_7x_v2_0_2_pcie_brams_7x' (89#1) [/home/user/ocpi/bsp_sidekiq_m2_cp_dev1_5_cv2_8/hdl/platforms/m2pcie/axi_pcie_wrapper/core/axi_pcie_0/hdl/axi_pcie_v2_8_rfs.v:29184]
INFO: [Synth 8-256] done synthesizing module 'axi_pcie_v2_8_5_pcie_7x_v2_0_2_pcie_bram_top_7x' (90#1) [/home/user/ocpi/bsp_sidekiq_m2_cp_dev1_5_cv2_8/hdl/platforms/m2pcie/axi_pcie_wrapper/core/axi_pcie_0/hdl/axi_pcie_v2_8_rfs.v:29006]
INFO: [Synth 8-638] synthesizing module 'PCIE_2_1' [/home/user/Xilinx/Vivado/2017.2/scripts/rt/data/unisim_comp.v:28345]
INFO: [Synth 8-256] done synthesizing module 'PCIE_2_1' (91#1) [/home/user/Xilinx/Vivado/2017.2/scripts/rt/data/unisim_comp.v:28345]
INFO: [Synth 8-256] done synthesizing module 'axi_pcie_v2_8_5_pcie_7x_v2_0_2_pcie_7x' (92#1) [/home/user/ocpi/bsp_sidekiq_m2_cp_dev1_5_cv2_8/hdl/platforms/m2pcie/axi_pcie_wrapper/core/axi_pcie_0/hdl/axi_pcie_v2_8_rfs.v:27153]
INFO: [Synth 8-638] synthesizing module 'axi_pcie_v2_8_5_pcie_7x_v2_0_2_pcie_pipe_pipeline' [/home/user/ocpi/bsp_sidekiq_m2_cp_dev1_5_cv2_8/hdl/platforms/m2pcie/axi_pcie_wrapper/core/axi_pcie_0/hdl/axi_pcie_v2_8_rfs.v:30025]
INFO: [Synth 8-638] synthesizing module 'axi_pcie_v2_8_5_pcie_7x_v2_0_2_pcie_pipe_misc' [/home/user/ocpi/bsp_sidekiq_m2_cp_dev1_5_cv2_8/hdl/platforms/m2pcie/axi_pcie_wrapper/core/axi_pcie_0/hdl/axi_pcie_v2_8_rfs.v:29806]
INFO: [Synth 8-256] done synthesizing module 'axi_pcie_v2_8_5_pcie_7x_v2_0_2_pcie_pipe_misc' (93#1) [/home/user/ocpi/bsp_sidekiq_m2_cp_dev1_5_cv2_8/hdl/platforms/m2pcie/axi_pcie_wrapper/core/axi_pcie_0/hdl/axi_pcie_v2_8_rfs.v:29806]
INFO: [Synth 8-638] synthesizing module 'axi_pcie_v2_8_5_pcie_7x_v2_0_2_pcie_pipe_lane' [/home/user/ocpi/bsp_sidekiq_m2_cp_dev1_5_cv2_8/hdl/platforms/m2pcie/axi_pcie_wrapper/core/axi_pcie_0/hdl/axi_pcie_v2_8_rfs.v:29478]
INFO: [Synth 8-256] done synthesizing module 'axi_pcie_v2_8_5_pcie_7x_v2_0_2_pcie_pipe_lane' (94#1) [/home/user/ocpi/bsp_sidekiq_m2_cp_dev1_5_cv2_8/hdl/platforms/m2pcie/axi_pcie_wrapper/core/axi_pcie_0/hdl/axi_pcie_v2_8_rfs.v:29478]
INFO: [Synth 8-256] done synthesizing module 'axi_pcie_v2_8_5_pcie_7x_v2_0_2_pcie_pipe_pipeline' (95#1) [/home/user/ocpi/bsp_sidekiq_m2_cp_dev1_5_cv2_8/hdl/platforms/m2pcie/axi_pcie_wrapper/core/axi_pcie_0/hdl/axi_pcie_v2_8_rfs.v:30025]
INFO: [Synth 8-256] done synthesizing module 'axi_pcie_v2_8_5_pcie_7x_v2_0_2_pcie_top' (96#1) [/home/user/ocpi/bsp_sidekiq_m2_cp_dev1_5_cv2_8/hdl/platforms/m2pcie/axi_pcie_wrapper/core/axi_pcie_0/hdl/axi_pcie_v2_8_rfs.v:30823]
INFO: [Synth 8-256] done synthesizing module 'axi_pcie_v2_8_5_pcie_7x_v2_0_2' (97#1) [/home/user/ocpi/bsp_sidekiq_m2_cp_dev1_5_cv2_8/hdl/platforms/m2pcie/axi_pcie_wrapper/core/axi_pcie_0/hdl/axi_pcie_0_pcie_7x_v2_0_2.v:59]
INFO: [Synth 8-256] done synthesizing module 'axi_pcie_v2_8_5_axi_pcie_enhanced_core_top' (98#1) [/home/user/ocpi/bsp_sidekiq_m2_cp_dev1_5_cv2_8/hdl/platforms/m2pcie/axi_pcie_wrapper/core/axi_pcie_0/hdl/axi_pcie_v2_8_rfs.v:11917]
INFO: [Synth 8-256] done synthesizing module 'axi_pcie_v2_8_5_enhanced_core_top_wrap' (99#1) [/home/user/ocpi/bsp_sidekiq_m2_cp_dev1_5_cv2_8/hdl/platforms/m2pcie/axi_pcie_wrapper/core/axi_pcie_0/hdl/axi_pcie_v2_8_rfs.v:17152]
INFO: [Synth 8-256] done synthesizing module 'axi_enhanced_pcie' (100#1) [/home/user/ocpi/bsp_sidekiq_m2_cp_dev1_5_cv2_8/hdl/platforms/m2pcie/axi_pcie_wrapper/core/axi_pcie_0/hdl/axi_pcie_v2_8_rfs.vhd:853]
INFO: [Synth 8-256] done synthesizing module 'axi_pcie' (101#1) [/home/user/ocpi/bsp_sidekiq_m2_cp_dev1_5_cv2_8/hdl/platforms/m2pcie/axi_pcie_wrapper/core/axi_pcie_0/hdl/axi_pcie_v2_8_rfs.vhd:18858]
INFO: [Synth 8-256] done synthesizing module 'axi_pcie_0' (102#1) [/home/user/ocpi/bsp_sidekiq_m2_cp_dev1_5_cv2_8/hdl/platforms/m2pcie/axi_pcie_wrapper/core/axi_pcie_0/synth/axi_pcie_0.v:60]
Finished RTL Elaboration : Time (s): cpu = 00:04:18 ; elapsed = 00:04:20 . Memory (MB): peak = 1715.129 ; gain = 527.051 ; free physical = 13042 ; free virtual = 22101
Finished RTL Optimization Phase 1 : Time (s): cpu = 00:04:21 ; elapsed = 00:04:24 . Memory (MB): peak = 1715.129 ; gain = 527.051 ; free physical = 13107 ; free virtual = 22166
INFO: [Device 21-403] Loading part xc7a50tcpg236-3
Constraint Validation Runtime : Time (s): cpu = 00:00:00.71 ; elapsed = 00:00:00.23 . Memory (MB): peak = 1947.414 ; gain = 0.004 ; free physical = 12670 ; free virtual = 21763
Finished Constraint Validation : Time (s): cpu = 00:04:45 ; elapsed = 00:04:48 . Memory (MB): peak = 1947.414 ; gain = 759.336 ; free physical = 12911 ; free virtual = 22004
Finished RTL Optimization Phase 2 : Time (s): cpu = 00:05:17 ; elapsed = 00:05:27 . Memory (MB): peak = 1951.332 ; gain = 763.254 ; free physical = 11520 ; free virtual = 20614
Finished Cross Boundary and Area Optimization : Time (s): cpu = 00:05:50 ; elapsed = 00:06:07 . Memory (MB): peak = 1951.336 ; gain = 763.258 ; free physical = 11135 ; free virtual = 20243
---------------------------------------------------------------------------------
Start ROM, RAM, DSP and Shift Register Reporting
---------------------------------------------------------------------------------

Distributed RAM: Preliminary Mapping  Report (see note below)
+--------------------------------------------------------------------------------------+-------------------------------------------------------------------------------------------------------------+-----------+----------------------+----------------+
|Module Name                                                                           | RTL Object                                                                                                  | Inference | Size (Depth x Width) | Primitives     | 
+--------------------------------------------------------------------------------------+-------------------------------------------------------------------------------------------------------------+-----------+----------------------+----------------+
|slave_bridge__GCB0                                                                    | mswrreqpendrecord_reg                                                                                       | Implied   | 8 x 3                | RAM32M x 1     | 
|slave_bridge__GCB1                                                                    | slwrreqpendrecord_reg                                                                                       | Implied   | 8 x 2                | RAM16X1D x 2   | 
|axi_pcie_mm_s__GC0                                                                    | comp_AXI_MM_S_MasterBridge/comp_axi_mm_s_masterbridge_wr/comp_axi_mm_masterbridge_wr/m_axi_awaddrtemp_reg   | Implied   | 4 x 32               | RAM32M x 6     | 
|axi_pcie_mm_s__GC0                                                                    | comp_AXI_MM_S_MasterBridge/comp_axi_mm_s_masterbridge_wr/comp_axi_mm_masterbridge_wr/m_axi_awlentemp_reg    | Implied   | 4 x 8                | RAM32M x 2     | 
|axi_pcie_mm_s__GC0                                                                    | comp_AXI_MM_S_MasterBridge/comp_axi_mm_s_masterbridge_wr/comp_axi_mm_masterbridge_wr/m_axi_awsizetemp_reg   | Implied   | 4 x 2                | RAM32M x 1     | 
|axi_pcie_mm_s__GC0                                                                    | comp_AXI_MM_S_MasterBridge/comp_axi_mm_s_masterbridge_wr/comp_axi_mm_masterbridge_wr/m_axi_awprottemp_reg   | Implied   | 4 x 3                | RAM32M x 1     | 
|axi_pcie_mm_s__GC0                                                                    | comp_AXI_MM_S_MasterBridge/comp_axi_mm_s_masterbridge_wr/comp_axi_mm_masterbridge_wr/m_axi_awlensttemp_reg  | Implied   | 4 x 8                | RAM32M x 2     | 
|axi_pcie_mm_s__GC0                                                                    | comp_AXI_MM_S_MasterBridge/comp_axi_mm_s_masterbridge_wr/comp_axi_mm_masterbridge_wr/m_axi_awaddrsttemp_reg | Implied   | 4 x 2                | RAM16X1D x 2   | 
|axi_pcie_mm_s__GC0                                                                    | comp_AXI_MM_S_MasterBridge/comp_axi_mm_s_masterbridge_wr/comp_axi_mm_masterbridge_wr/firstdwbetemp_reg      | Implied   | 4 x 4                | RAM32M x 1     | 
|axi_pcie_mm_s__GC0                                                                    | comp_AXI_MM_S_MasterBridge/comp_axi_mm_s_masterbridge_wr/comp_axi_mm_masterbridge_wr/lastdwbetemp_reg       | Implied   | 4 x 4                | RAM32M x 1     | 
|\comp_AXI_MM_S_MasterBridge/comp_axi_mm_s_masterbridge_rd/comp_axi_s_masterbridge_rd  | data_width_64.tlpaddrl_reg                                                                                  | Implied   | 4 x 12               | RAM32M x 2     | 
|\comp_AXI_MM_S_MasterBridge/comp_axi_mm_s_masterbridge_rd/comp_axi_s_masterbridge_rd  | cpldsplitcount_reg                                                                                          | Implied   | 4 x 5                | RAM16X1D x 5   | 
|\comp_AXI_MM_S_MasterBridge/comp_axi_mm_s_masterbridge_rd/comp_axi_s_masterbridge_rd  | data_width_64.rdtlpaddrl_reg                                                                                | Implied   | 4 x 7                | RAM32M x 4     | 
|\comp_AXI_MM_S_MasterBridge/comp_axi_mm_s_masterbridge_rd/comp_axi_s_masterbridge_rd  | data_width_64.rdndtlpaddrl_reg                                                                              | Implied   | 4 x 7                | RAM32M x 2     | 
|axi_pcie_mm_s__GC0                                                                    | comp_AXI_MM_S_MasterBridge/comp_axi_mm_s_masterbridge_rd/comp_axi_mm_masterbridge_rd/m_axi_arlentemp_reg    | Implied   | 4 x 10               | RAM32M x 2     | 
|axi_pcie_mm_s__GC0                                                                    | comp_AXI_MM_S_MasterBridge/comp_axi_mm_s_masterbridge_rd/comp_axi_mm_masterbridge_rd/m_axi_araddrtemp_reg   | Implied   | 4 x 32               | RAM32M x 6     | 
|axi_pcie_mm_s__GC0                                                                    | comp_AXI_MM_S_MasterBridge/comp_axi_mm_s_masterbridge_rd/comp_axi_mm_masterbridge_rd/m_axi_awsizetemp_reg   | Implied   | 4 x 2                | RAM32M x 1     | 
|axi_pcie_mm_s__GC0                                                                    | comp_AXI_MM_S_MasterBridge/comp_axi_mm_s_masterbridge_rd/comp_axi_mm_masterbridge_rd/m_axi_arprottemp_reg   | Implied   | 4 x 3                | RAM32M x 1     | 
|axi_pcie_mm_s__GC0                                                                    | comp_AXI_MM_S_MasterBridge/comp_axi_mm_s_masterbridge_rd/comp_axi_mm_masterbridge_rd/datatxpertlp_ram_reg   | Implied   | 4 x 2                | RAM16X1D x 2   | 
+--------------------------------------------------------------------------------------+-------------------------------------------------------------------------------------------------------------+-----------+----------------------+----------------+

Note: The table above is a preliminary report that shows the Distributed RAMs at the current stage of the synthesis flow. Some Distributed RAMs may be reimplemented as non Distributed RAM primitives later in the synthesis flow. Multiple instantiated RAMs are reported only once.
---------------------------------------------------------------------------------
Finished ROM, RAM, DSP and Shift Register Reporting
---------------------------------------------------------------------------------
Finished Applying XDC Timing Constraints : Time (s): cpu = 00:05:57 ; elapsed = 00:06:15 . Memory (MB): peak = 1997.410 ; gain = 809.332 ; free physical = 10916 ; free virtual = 20032
Finished Timing Optimization : Time (s): cpu = 00:06:03 ; elapsed = 00:06:21 . Memory (MB): peak = 2030.434 ; gain = 842.355 ; free physical = 10892 ; free virtual = 20008
Finished Technology Mapping : Time (s): cpu = 00:06:18 ; elapsed = 00:06:42 . Memory (MB): peak = 2060.012 ; gain = 871.934 ; free physical = 10456 ; free virtual = 19588
Finished IO Insertion : Time (s): cpu = 00:06:22 ; elapsed = 00:06:47 . Memory (MB): peak = 2060.012 ; gain = 871.934 ; free physical = 10518 ; free virtual = 19650
Finished Renaming Generated Instances : Time (s): cpu = 00:06:22 ; elapsed = 00:06:47 . Memory (MB): peak = 2060.012 ; gain = 871.934 ; free physical = 10518 ; free virtual = 19650
Finished Rebuilding User Hierarchy : Time (s): cpu = 00:06:27 ; elapsed = 00:06:51 . Memory (MB): peak = 2060.012 ; gain = 871.934 ; free physical = 10517 ; free virtual = 19648
Finished Renaming Generated Ports : Time (s): cpu = 00:06:27 ; elapsed = 00:06:52 . Memory (MB): peak = 2060.012 ; gain = 871.934 ; free physical = 10517 ; free virtual = 19649
Finished Handling Custom Attributes : Time (s): cpu = 00:06:28 ; elapsed = 00:06:52 . Memory (MB): peak = 2060.012 ; gain = 871.934 ; free physical = 10516 ; free virtual = 19648
Finished Renaming Generated Nets : Time (s): cpu = 00:06:28 ; elapsed = 00:06:53 . Memory (MB): peak = 2060.012 ; gain = 871.934 ; free physical = 10516 ; free virtual = 19648

Report Cell Usage: 
+------+--------------+------+
|      |Cell          |Count |
+------+--------------+------+
|1     |BUFG          |     5|
|2     |BUFGCTRL      |     1|
|3     |CARRY4        |  1021|
|4     |GTPE2_CHANNEL |     1|
|5     |GTPE2_COMMON  |     1|
|6     |LUT1          |  3517|
|7     |LUT2          |  1085|
|8     |LUT3          |  2925|
|9     |LUT4          |  3731|
|10    |LUT5          |  1953|
|11    |LUT6          |  3763|
|12    |MMCME2_ADV    |     1|
|13    |MUXCY         |    55|
|14    |MUXF7         |   261|
|15    |MUXF8         |     8|
|16    |PCIE_2_1      |     1|
|17    |RAM16X1D      |    10|
|18    |RAM32M        |    30|
|19    |RAMB18E1      |     2|
|20    |RAMB36E1      |     4|
|21    |RAMB36E1_1    |     3|
|22    |RAMB36E1_2    |     4|
|23    |RAMB36E1_3    |     4|
|24    |SRLC32E       |     7|
|25    |FDCE          |     9|
|26    |FDRE          | 10253|
|27    |FDSE          |   149|
+------+--------------+------+
Finished Writing Synthesis Report : Time (s): cpu = 00:06:28 ; elapsed = 00:06:53 . Memory (MB): peak = 2060.012 ; gain = 871.934 ; free physical = 10516 ; free virtual = 19648
synth_design: Time (s): cpu = 00:06:34 ; elapsed = 00:07:01 . Memory (MB): peak = 2072.742 ; gain = 897.246 ; free physical = 12834 ; free virtual = 21941
